<?xml version="1.0" encoding="UTF-8"?>
<testng-results skipped="0" failed="0" ignored="0" total="1" passed="1">
  <reporter-output>
  </reporter-output>
  <suite name="Suite" duration-ms="11227" started-at="2020-12-13T22:10:18 EST" finished-at="2020-12-13T22:10:29 EST">
    <groups>
    </groups>
    <test name="Test" duration-ms="11227" started-at="2020-12-13T22:10:18 EST" finished-at="2020-12-13T22:10:29 EST">
      <class name="com.webs.TableWordTest">
        <test-method status="PASS" signature="mytest()[pri:0, instance:com.webs.TableWordTest@26653222]" name="mytest" duration-ms="11192" started-at="2020-12-13T22:10:18 EST" finished-at="2020-12-13T22:10:29 EST">
          <reporter-output>
          </reporter-output>
        </test-method> <!-- mytest -->
      </class> <!-- com.webs.TableWordTest -->
    </test> <!-- Test -->
  </suite> <!-- Suite -->
</testng-results>
