<?xml version="1.0" encoding="UTF-8"?>
<testng-results skipped="0" failed="0" ignored="0" total="1" passed="1">
  <reporter-output>
  </reporter-output>
  <suite name="Default suite" duration-ms="11335" started-at="2020-12-13T22:09:45 EST" finished-at="2020-12-13T22:09:57 EST">
    <groups>
    </groups>
    <test name="Default test" duration-ms="11335" started-at="2020-12-13T22:09:45 EST" finished-at="2020-12-13T22:09:57 EST">
      <class name="com.webs.TableWordTest">
        <test-method status="PASS" signature="mytest()[pri:0, instance:com.webs.TableWordTest@79be0360]" name="mytest" duration-ms="11290" started-at="2020-12-13T22:09:45 EST" finished-at="2020-12-13T22:09:56 EST">
          <reporter-output>
          </reporter-output>
        </test-method> <!-- mytest -->
      </class> <!-- com.webs.TableWordTest -->
    </test> <!-- Default test -->
  </suite> <!-- Default suite -->
</testng-results>
